<?xml version="1.0" encoding="UTF-8"?>
<!-- Generated by org.testng.reporters.JUnitReportReporter -->
<testsuite skipped="0" hostname="DESKTOP-5H4QDEN" name="com.inetbanking.testCases.TC_LoginTest_001" tests="1" failures="0" timestamp="2020-03-11T15:35:00 IST" time="18.724" errors="0">
  <testcase name="loginTest" time="18.724" classname="com.inetbanking.testCases.TC_LoginTest_001"/>
  <system-out/>
</testsuite> <!-- com.inetbanking.testCases.TC_LoginTest_001 -->
